D:\王道\CONSOLEAPPLICATION22\CONSOLEAPPLICATION22\DEBUG\ADMIN_PART.OBJ
D:\王道\CONSOLEAPPLICATION22\CONSOLEAPPLICATION22\DEBUG\LISTS.OBJ
D:\王道\CONSOLEAPPLICATION22\CONSOLEAPPLICATION22\DEBUG\MAIN.OBJ
D:\王道\CONSOLEAPPLICATION22\CONSOLEAPPLICATION22\DEBUG\PRINTCOVER.OBJ
D:\王道\CONSOLEAPPLICATION22\CONSOLEAPPLICATION22\DEBUG\SRH_STU.OBJ
D:\王道\CONSOLEAPPLICATION22\CONSOLEAPPLICATION22\DEBUG\STUDENT_PART.OBJ
D:\王道\CONSOLEAPPLICATION22\CONSOLEAPPLICATION22\DEBUG\STUD_MAIN.OBJ
D:\王道\CONSOLEAPPLICATION22\CONSOLEAPPLICATION22\DEBUG\STU_PART.OBJ
D:\王道\CONSOLEAPPLICATION22\CONSOLEAPPLICATION22\DEBUG\USER_PART.OBJ
D:\王道\CONSOLEAPPLICATION22\CONSOLEAPPLICATION22\DEBUG\USR_LOGIN.OBJ
D:\王道\CONSOLEAPPLICATION22\CONSOLEAPPLICATION22\DEBUG\USR_MAIN.OBJ
D:\王道\CONSOLEAPPLICATION22\CONSOLEAPPLICATION22\DEBUG\VC110.PDB
D:\王道\CONSOLEAPPLICATION22\DEBUG\SIMS.ILK
D:\王道\CONSOLEAPPLICATION22\DEBUG\SIMS.EXE
D:\王道\CONSOLEAPPLICATION22\DEBUG\SIMS.PDB
D:\王道\ConsoleApplication22\ConsoleApplication22\Debug\admin_part.obj
D:\王道\ConsoleApplication22\ConsoleApplication22\Debug\lists.obj
D:\王道\ConsoleApplication22\ConsoleApplication22\Debug\main.obj
D:\王道\ConsoleApplication22\ConsoleApplication22\Debug\printCover.obj
D:\王道\ConsoleApplication22\ConsoleApplication22\Debug\srh_stu.obj
D:\王道\ConsoleApplication22\ConsoleApplication22\Debug\student_part.obj
D:\王道\ConsoleApplication22\ConsoleApplication22\Debug\stud_main.obj
D:\王道\ConsoleApplication22\ConsoleApplication22\Debug\stu_part.obj
D:\王道\ConsoleApplication22\ConsoleApplication22\Debug\user_part.obj
D:\王道\ConsoleApplication22\ConsoleApplication22\Debug\usr_login.obj
D:\王道\ConsoleApplication22\ConsoleApplication22\Debug\usr_main.obj
D:\王道\ConsoleApplication22\ConsoleApplication22\Debug\cl.command.1.tlog
D:\王道\ConsoleApplication22\ConsoleApplication22\Debug\CL.read.1.tlog
D:\王道\ConsoleApplication22\ConsoleApplication22\Debug\CL.write.1.tlog
D:\王道\ConsoleApplication22\ConsoleApplication22\Debug\link-cvtres.read.1.tlog
D:\王道\ConsoleApplication22\ConsoleApplication22\Debug\link-cvtres.write.1.tlog
D:\王道\ConsoleApplication22\ConsoleApplication22\Debug\link-rc.read.1.tlog
D:\王道\ConsoleApplication22\ConsoleApplication22\Debug\link-rc.write.1.tlog
D:\王道\ConsoleApplication22\ConsoleApplication22\Debug\link.command.1.tlog
D:\王道\ConsoleApplication22\ConsoleApplication22\Debug\link.read.1.tlog
D:\王道\ConsoleApplication22\ConsoleApplication22\Debug\link.write.1.tlog
D:\王道\ConsoleApplication22\ConsoleApplication22\Debug\vc110.idb
D:\王道\ConsoleApplication22\ConsoleApplication22\Debug\vc110.pdb
D:\王道\ConsoleApplication22\Debug\SIMS.pdb
D:\王道\ConsoleApplication22\Debug\SIMS.exe
D:\王道\ConsoleApplication22\Debug\SIMS.ilk
